[0919/132259.000:ERROR:prune_crash_reports.cc(36)] PruneCrashReportDatabase: Failed to get pending reports
[0919/133408.679:ERROR:process_reader_win.cc(188)] ResumeThread: The parameter is incorrect. (0x57)
[0919/133409.272:ERROR:process_reader_win.cc(151)] SuspendThread: Access is denied. (0x5)
[0919/133409.272:ERROR:process_reader_win.cc(151)] SuspendThread: Access is denied. (0x5)
[0919/133409.273:ERROR:process_reader_win.cc(151)] SuspendThread: Access is denied. (0x5)
[0919/133409.273:ERROR:process_reader_win.cc(151)] SuspendThread: Access is denied. (0x5)
[0919/133409.273:ERROR:process_reader_win.cc(151)] SuspendThread: Access is denied. (0x5)
[0919/133409.274:ERROR:process_reader_win.cc(151)] SuspendThread: Access is denied. (0x5)
[0919/133409.274:ERROR:process_reader_win.cc(151)] SuspendThread: Access is denied. (0x5)
[0919/133409.274:ERROR:process_reader_win.cc(151)] SuspendThread: Access is denied. (0x5)
[0919/133409.275:ERROR:process_reader_win.cc(151)] SuspendThread: Access is denied. (0x5)
[0919/133409.275:ERROR:process_reader_win.cc(151)] SuspendThread: Access is denied. (0x5)
[0919/133409.275:ERROR:process_reader_win.cc(151)] SuspendThread: Access is denied. (0x5)
[0919/133409.275:ERROR:process_reader_win.cc(151)] SuspendThread: Access is denied. (0x5)
[0919/133409.276:ERROR:process_reader_win.cc(151)] SuspendThread: Access is denied. (0x5)
[0919/133409.276:ERROR:process_reader_win.cc(151)] SuspendThread: Access is denied. (0x5)
[0919/133409.276:ERROR:process_reader_win.cc(151)] SuspendThread: Access is denied. (0x5)
[0919/133409.276:ERROR:exception_snapshot_win.cc(99)] thread ID 20220 not found in process
[0919/143507.185:ERROR:process_reader_win.cc(151)] SuspendThread: Access is denied. (0x5)
[0919/143507.189:ERROR:exception_snapshot_win.cc(99)] thread ID 27988 not found in process
[0919/143507.189:ERROR:scoped_process_suspend.cc(40)] NtResumeProcess: An attempt was made to access an exiting process. (0xc000010a)
